<?xml version="1.0" encoding="UTF-8"?>
<testng-results skipped="0" failed="0" total="1" passed="1">
  <reporter-output>
  </reporter-output>
  <suite name="service.KeyMapComparatorTest" duration-ms="15" started-at="2019-01-12T07:20:35Z" finished-at="2019-01-12T07:20:35Z">
    <groups>
    </groups>
    <test name="Command line test" duration-ms="15" started-at="2019-01-12T07:20:35Z" finished-at="2019-01-12T07:20:35Z">
      <class name="service.KeyMapComparatorTest">
        <test-method status="PASS" signature="canInstantiateObject()[pri:0, instance:service.KeyMapComparatorTest@1c36524]" name="canInstantiateObject" duration-ms="7" started-at="2019-01-12T01:20:35Z" finished-at="2019-01-12T01:20:35Z">
          <reporter-output>
          </reporter-output>
        </test-method> <!-- canInstantiateObject -->
      </class> <!-- service.KeyMapComparatorTest -->
    </test> <!-- Command line test -->
  </suite> <!-- service.KeyMapComparatorTest -->
</testng-results>
